1701448884018	geckodriver	INFO	Listening on 127.0.0.1:49267
1701448887072	mozrunner::runner	INFO	Running command: "C:\\Program Files\\Mozilla Firefox\\firefox.exe" "--marionette" "--remote-debugging-port" "49268" "--remote-allow-hosts" "localhost" "-no-remote" "-profile" "C:\\Users\\LENOVO\\AppData\\Local\\Temp\\rust_mozprofileMT5OdT"
console.warn: services.settings: Ignoring preference override of remote settings server
console.warn: services.settings: Allow by setting MOZ_REMOTE_SETTINGS_DEVTOOLS=1 in the environment
1701448887547	Marionette	INFO	Marionette enabled
Dynamically enable window occlusion 0
1701448887689	Marionette	INFO	Listening on port 49327
WebDriver BiDi listening on ws://127.0.0.1:49268
Read port: 49327
1701448888085	RemoteAgent	WARN	TLS certificate errors will be ignored for this session
DevTools listening on ws://127.0.0.1:49268/devtools/browser/c43dc2dc-10de-4e94-b36d-2b510ad33539
1701448918525	addons.xpi	ERROR	System addon update list error SyntaxError: XMLHttpRequest.open: 'http://%(server)s/dummy-system-addons.xml' is not a valid URL.
1701448964890	Marionette	WARN	Ignoring event 'pageshow' because document has an invalid readyState of 'uninitialized'.
1701448980165	Marionette	WARN	Ignoring event 'pageshow' because document has an invalid readyState of 'uninitialized'.
JavaScript warning: https://pagead2.googlesyndication.com/bg/Dtt_-LR3WxpzwV0Gscftq1A_D1owstvxoTnWWhwY4Ow.js line 2 > eval line 1123 > eval line 1 > eval line 1 > eval, line 1: WEBGL_debug_renderer_info is deprecated in Firefox and will be removed. Please use RENDERER.
1701448993677	Marionette	INFO	Stopped listening on port 49327
JavaScript warning: https://www.google.com/adsense/search/ads.js, line 27: Script terminated by timeout at:
$a@https://www.google.com/adsense/search/ads.js:27:295
Ic<@https://www.google.com/adsense/search/ads.js:36:541
B/<@https://www.google.com/adsense/search/ads.js:36:98
BOOMR_plugins_errors_wrap@https://s2.go-mpulse.net/boomerang/FNR7L-CZUHT-QTY2E-EDRYP-ZAEQY:10:182555

Dynamically enable window occlusion 1
1701450381146	geckodriver	INFO	Listening on 127.0.0.1:60582
1701450384210	mozrunner::runner	INFO	Running command: "C:\\Program Files\\Mozilla Firefox\\firefox.exe" "--marionette" "--remote-debugging-port" "60583" "--remote-allow-hosts" "localhost" "-no-remote" "-profile" "C:\\Users\\LENOVO\\AppData\\Local\\Temp\\rust_mozprofilezLjp0u"
console.warn: services.settings: Ignoring preference override of remote settings server
console.warn: services.settings: Allow by setting MOZ_REMOTE_SETTINGS_DEVTOOLS=1 in the environment
1701450384723	Marionette	INFO	Marionette enabled
Dynamically enable window occlusion 0
1701450384804	Marionette	INFO	Listening on port 60590
WebDriver BiDi listening on ws://127.0.0.1:60583
Read port: 60590
1701450385023	RemoteAgent	WARN	TLS certificate errors will be ignored for this session
DevTools listening on ws://127.0.0.1:60583/devtools/browser/41fe839f-4128-4619-b0a9-f1f5e3248ec0
Exiting due to channel error.
Exiting due to channel error.
Exiting due to channel error.
Exiting due to channel error.
Exiting due to channel error.
1701450413785	geckodriver	INFO	Listening on 127.0.0.1:60770
1701450416810	mozrunner::runner	INFO	Running command: "C:\\Program Files\\Mozilla Firefox\\firefox.exe" "--marionette" "--remote-debugging-port" "60771" "--remote-allow-hosts" "localhost" "-no-remote" "-profile" "C:\\Users\\LENOVO\\AppData\\Local\\Temp\\rust_mozprofileQ6LPE2"
console.warn: services.settings: Ignoring preference override of remote settings server
console.warn: services.settings: Allow by setting MOZ_REMOTE_SETTINGS_DEVTOOLS=1 in the environment
1701450417255	Marionette	INFO	Marionette enabled
Dynamically enable window occlusion 0
1701450417393	Marionette	INFO	Listening on port 60785
WebDriver BiDi listening on ws://127.0.0.1:60771
Read port: 60785
1701450417674	RemoteAgent	WARN	TLS certificate errors will be ignored for this session
DevTools listening on ws://127.0.0.1:60768/devtools/browser/536f2507-d783-4017-802c-147da485e725
1701450447196	addons.xpi	ERROR	System addon update list error SyntaxError: XMLHttpRequest.open: 'http://%(server)s/dummy-system-addons.xml' is not a valid URL.
1701450494876	Marionette	WARN	Ignoring event 'pageshow' because document has an invalid readyState of 'uninitialized'.
1701450503795	Marionette	WARN	Ignoring event 'pageshow' because document has an invalid readyState of 'uninitialized'.
1701450509023	Marionette	WARN	Ignoring event 'pageshow' because document has an invalid readyState of 'uninitialized'.
JavaScript warning: https://pagead2.googlesyndication.com/bg/Dtt_-LR3WxpzwV0Gscftq1A_D1owstvxoTnWWhwY4Ow.js line 2 > eval line 6391 > eval line 1 > eval line 1 > eval, line 1: WEBGL_debug_renderer_info is deprecated in Firefox and will be removed. Please use RENDERER.
1701450522429	Marionette	INFO	Stopped listening on port 60784
JavaScript warning: https://s2.go-mpulse.net/boomerang/FNR7L-CZUHT-QTY2E-EDRYP-ZAEQY, line 10: Script terminated by timeout at:
BOOMR_plugins_errors_wrap@https://s2.go-mpulse.net/boomerang/FNR7L-CZUHT-QTY2E-EDRYP-ZAEQY:10:182539

Dynamically enable window occlusion 1
JavaScript error: resource://gre/actors/ContentMetaChild.sys.mjs, line 179: InvalidStateError: JSWindowActorChild.sendAsyncMessage: JSWindowActorChild cannot send at the moment
